c:\users\marco\documents\visual studio 2015\projects\websocket\websocket\debug\vc140.pdb
c:\users\marco\documents\visual studio 2015\projects\websocket\websocket\debug\vc140.idb
c:\users\marco\documents\visual studio 2015\projects\websocket\websocket\debug\main.obj
c:\users\marco\documents\visual studio 2015\projects\websocket\websocket\debug\hash.obj
c:\users\marco\documents\visual studio 2015\projects\websocket\websocket\debug\header_field_list.obj
c:\users\marco\documents\visual studio 2015\projects\websocket\websocket\debug\mempool.obj
c:\users\marco\documents\visual studio 2015\projects\websocket\websocket\debug\request_header.obj
c:\users\marco\documents\visual studio 2015\projects\websocket\websocket\debug\scanner.obj
c:\users\marco\documents\visual studio 2015\projects\websocket\websocket\debug\b64.obj
c:\users\marco\documents\visual studio 2015\projects\websocket\websocket\debug\sha1.obj
c:\users\marco\documents\visual studio 2015\projects\websocket\websocket\debug\websocket.obj
c:\users\marco\documents\visual studio 2015\projects\websocket\debug\websocket.ilk
c:\users\marco\documents\visual studio 2015\projects\websocket\debug\websocket.exe
c:\users\marco\documents\visual studio 2015\projects\websocket\debug\websocket.pdb
c:\users\marco\documents\visual studio 2015\projects\websocket\websocket\debug\websocket.tlog\cl.command.1.tlog
c:\users\marco\documents\visual studio 2015\projects\websocket\websocket\debug\websocket.tlog\cl.read.1.tlog
c:\users\marco\documents\visual studio 2015\projects\websocket\websocket\debug\websocket.tlog\cl.write.1.tlog
c:\users\marco\documents\visual studio 2015\projects\websocket\websocket\debug\websocket.tlog\link.command.1.tlog
c:\users\marco\documents\visual studio 2015\projects\websocket\websocket\debug\websocket.tlog\link.read.1.tlog
c:\users\marco\documents\visual studio 2015\projects\websocket\websocket\debug\websocket.tlog\link.write.1.tlog
